----- TEST 87 FAILED -----
Command: grep -e ^int -f test1.txt test2.txt test1.txt
grep      exit code: 0
s21_grep  exit code: 2
Diff stdout:
    1,38d0
    < test2.txt:
    < test2.txt:str          !
    < test2.txt:
    < test2.txt:
    < test2.txt:				KJHJHJHJHJH
    < test2.txt:				+_)(*&^%$#@)
    < test2.txt:
    < test2.txt:	 end.
    < test2.txt:
    < test2.txt:
    < test2.txt:
    < test2.txt:
    < test2.txt:
    < test2.txt:
    < test2.txt:
    < test2.txt:
    < test1.txt:WARNING
    < test1.txt:Str !
    < test1.txt:
    < test1.txt:    Sdfshg sfgjhf sjhf Sdfbjhd
    < test1.txt:
    < test1.txt:
    < test1.txt:
    < test1.txt:
    < test1.txt:                
    < test1.txt:        S
    < test1.txt:
    < test1.txt:    45 45 2
    < test1.txt:
    < test1.txt:    D sd.Jhj fwfs D2f Sdks Ves
    < test1.txt:
    < test1.txt:        end.
    < test1.txt:
    < test1.txt:
    < test1.txt:
    < test1.txt:	
    < test1.txt:    
    < test1.txt:Hi Vshe he Vs vS vsvs VS

----- TEST 240 FAILED -----
Command: grep -e ^int -i -f test1.txt test2.txt test1.txt
grep      exit code: 0
s21_grep  exit code: 2
Diff stdout:
    1,38d0
    < test2.txt:
    < test2.txt:str          !
    < test2.txt:
    < test2.txt:
    < test2.txt:				KJHJHJHJHJH
    < test2.txt:				+_)(*&^%$#@)
    < test2.txt:
    < test2.txt:	 end.
    < test2.txt:
    < test2.txt:
    < test2.txt:
    < test2.txt:
    < test2.txt:
    < test2.txt:
    < test2.txt:
    < test2.txt:
    < test1.txt:WARNING
    < test1.txt:Str !
    < test1.txt:
    < test1.txt:    Sdfshg sfgjhf sjhf Sdfbjhd
    < test1.txt:
    < test1.txt:
    < test1.txt:
    < test1.txt:
    < test1.txt:                
    < test1.txt:        S
    < test1.txt:
    < test1.txt:    45 45 2
    < test1.txt:
    < test1.txt:    D sd.Jhj fwfs D2f Sdks Ves
    < test1.txt:
    < test1.txt:        end.
    < test1.txt:
    < test1.txt:
    < test1.txt:
    < test1.txt:	
    < test1.txt:    
    < test1.txt:Hi Vshe he Vs vS vsvs VS

----- TEST 303 FAILED -----
Command: grep -e ^int -v -f test1.txt test2.txt test1.txt
grep      exit code: 1
s21_grep  exit code: 2
Diff stdout:

----- TEST 310 FAILED -----
Command: grep S -c -l test1.txt test2.txt test1.txt
grep      exit code: 0
s21_grep  exit code: 0
Diff stdout:
    1a2
    > test2.txt:0

----- TEST 312 FAILED -----
Command: grep -e ^int -c -l test1.txt test2.txt test1.txt
grep      exit code: 1
s21_grep  exit code: 1
Diff stdout:
    0a1,3
    > test1.txt:0
    > test2.txt:0
    > test1.txt:0

----- TEST 357 FAILED -----
Command: grep -e ^int -c -f test1.txt test2.txt test1.txt
grep      exit code: 0
s21_grep  exit code: 2
Diff stdout:
    1,2d0
    < test2.txt:16
    < test1.txt:22

----- TEST 402 FAILED -----
Command: grep -e ^int -l -f test1.txt test2.txt test1.txt
grep      exit code: 0
s21_grep  exit code: 2
Diff stdout:
    1,2d0
    < test2.txt
    < test1.txt

----- TEST 438 FAILED -----
Command: grep -e ^int -n -f test1.txt test2.txt test1.txt
grep      exit code: 0
s21_grep  exit code: 2
Diff stdout:
    1,38d0
    < test2.txt:1:
    < test2.txt:2:str          !
    < test2.txt:3:
    < test2.txt:4:
    < test2.txt:5:				KJHJHJHJHJH
    < test2.txt:6:				+_)(*&^%$#@)
    < test2.txt:7:
    < test2.txt:8:	 end.
    < test2.txt:9:
    < test2.txt:10:
    < test2.txt:11:
    < test2.txt:12:
    < test2.txt:13:
    < test2.txt:14:
    < test2.txt:15:
    < test2.txt:16:
    < test1.txt:1:WARNING
    < test1.txt:2:Str !
    < test1.txt:3:
    < test1.txt:4:    Sdfshg sfgjhf sjhf Sdfbjhd
    < test1.txt:5:
    < test1.txt:6:
    < test1.txt:7:
    < test1.txt:8:
    < test1.txt:9:                
    < test1.txt:10:        S
    < test1.txt:11:
    < test1.txt:12:    45 45 2
    < test1.txt:13:
    < test1.txt:14:    D sd.Jhj fwfs D2f Sdks Ves
    < test1.txt:15:
    < test1.txt:16:        end.
    < test1.txt:17:
    < test1.txt:18:
    < test1.txt:19:
    < test1.txt:20:	
    < test1.txt:21:    
    < test1.txt:22:Hi Vshe he Vs vS vsvs VS

----- TEST 465 FAILED -----
Command: grep -e ^int -h -f test1.txt test2.txt test1.txt
grep      exit code: 0
s21_grep  exit code: 2
Diff stdout:
    1,38d0
    < 
    < str          !
    < 
    < 
    < 				KJHJHJHJHJH
    < 				+_)(*&^%$#@)
    < 
    < 	 end.
    < 
    < 
    < 
    < 
    < 
    < 
    < 
    < 
    < WARNING
    < Str !
    < 
    <     Sdfshg sfgjhf sjhf Sdfbjhd
    < 
    < 
    < 
    < 
    <                 
    <         S
    < 
    <     45 45 2
    < 
    <     D sd.Jhj fwfs D2f Sdks Ves
    < 
    <         end.
    < 
    < 
    < 
    < 	
    <     
    < Hi Vshe he Vs vS vsvs VS

----- TEST 483 FAILED -----
Command: grep -e ^int -s -f test1.txt test2.txt test1.txt
grep      exit code: 0
s21_grep  exit code: 2
Diff stdout:
    1,38d0
    < test2.txt:
    < test2.txt:str          !
    < test2.txt:
    < test2.txt:
    < test2.txt:				KJHJHJHJHJH
    < test2.txt:				+_)(*&^%$#@)
    < test2.txt:
    < test2.txt:	 end.
    < test2.txt:
    < test2.txt:
    < test2.txt:
    < test2.txt:
    < test2.txt:
    < test2.txt:
    < test2.txt:
    < test2.txt:
    < test1.txt:WARNING
    < test1.txt:Str !
    < test1.txt:
    < test1.txt:    Sdfshg sfgjhf sjhf Sdfbjhd
    < test1.txt:
    < test1.txt:
    < test1.txt:
    < test1.txt:
    < test1.txt:                
    < test1.txt:        S
    < test1.txt:
    < test1.txt:    45 45 2
    < test1.txt:
    < test1.txt:    D sd.Jhj fwfs D2f Sdks Ves
    < test1.txt:
    < test1.txt:        end.
    < test1.txt:
    < test1.txt:
    < test1.txt:
    < test1.txt:	
    < test1.txt:    
    < test1.txt:Hi Vshe he Vs vS vsvs VS

----- TEST 492 FAILED -----
Command: grep -e ^int -o -f test1.txt test2.txt test1.txt
grep      exit code: 0
s21_grep  exit code: 2
Diff stdout:
    1,22d0
    < test2.txt:    
    < test2.txt:    
    < test2.txt:	
    < test2.txt:	
    < test2.txt:	
    < test2.txt:	
    < test2.txt:	
    < test2.txt:	
    < test2.txt:	
    < test2.txt:	
    < test2.txt:	
    < test1.txt:WARNING
    < test1.txt:Str !
    < test1.txt:    Sdfshg sfgjhf sjhf Sdfbjhd
    < test1.txt:                
    < test1.txt:        S
    < test1.txt:    45 45 2
    < test1.txt:    D sd.Jhj fwfs D2f Sdks Ves
    < test1.txt:        end.
    < test1.txt:	
    < test1.txt:    
    < test1.txt:Hi Vshe he Vs vS vsvs VS

